This file contains any messages produced by compilers while
running configure, to aid debugging if configure makes a mistake.

It was created by project0 configure 1.0, which was
generated by GNU Autoconf 2.71.  Invocation command line was

  $ ./configure --no-create --no-recursion

## --------- ##
## Platform. ##
## --------- ##

hostname = davidlaptop
uname -m = x86_64
uname -r = 5.17.1-arch1-1
uname -s = Linux
uname -v = #1 SMP PREEMPT Mon, 28 Mar 2022 20:55:33 +0000

/usr/bin/uname -p = unknown
/bin/uname -X     = unknown

/bin/arch              = unknown
/usr/bin/arch -k       = unknown
/usr/convex/getsysinfo = unknown
/usr/bin/hostinfo      = unknown
/bin/machine           = unknown
/usr/bin/oslevel       = unknown
/bin/universe          = unknown

PATH: /usr/local/sbin/
PATH: /usr/local/bin/
PATH: /usr/bin/
PATH: /usr/bin/site_perl/
PATH: /usr/bin/vendor_perl/
PATH: /usr/bin/core_perl/


## ----------- ##
## Core tests. ##
## ----------- ##

configure:2389: looking for aux files: compile missing install-sh
configure:2402:  trying ./
configure:2431:   ./compile found
configure:2431:   ./missing found
configure:2413:   ./install-sh found
configure:2561: checking for a BSD-compatible install
configure:2634: result: /usr/bin/install -c
configure:2645: checking whether build environment is sane
configure:2700: result: yes
configure:2859: checking for a race-free mkdir -p
configure:2903: result: /usr/bin/mkdir -p
configure:2910: checking for gawk
configure:2931: found /usr/bin/gawk
configure:2942: result: gawk
configure:2953: checking whether make sets $(MAKE)
configure:2976: result: yes
configure:3006: checking whether make supports nested variables
configure:3024: result: yes
configure:3161: checking whether to enable maintainer-specific portions of Makefiles
configure:3171: result: yes
configure:3254: checking for g++
configure:3275: found /usr/bin/g++
configure:3286: result: g++
configure:3313: checking for C++ compiler version
configure:3322: g++ --version >&5
g++ (GCC) 11.2.0
Copyright (C) 2021 Free Software Foundation, Inc.
This is free software; see the source for copying conditions.  There is NO
warranty; not even for MERCHANTABILITY or FITNESS FOR A PARTICULAR PURPOSE.

configure:3333: $? = 0
configure:3322: g++ -v >&5
Using built-in specs.
COLLECT_GCC=g++
COLLECT_LTO_WRAPPER=/usr/lib/gcc/x86_64-pc-linux-gnu/11.2.0/lto-wrapper
Target: x86_64-pc-linux-gnu
Configured with: /build/gcc/src/gcc/configure --enable-languages=c,c++,ada,fortran,go,lto,objc,obj-c++,d --enable-bootstrap --prefix=/usr --libdir=/usr/lib --libexecdir=/usr/lib --mandir=/usr/share/man --infodir=/usr/share/info --with-bugurl=https://bugs.archlinux.org/ --with-linker-hash-style=gnu --with-system-zlib --enable-__cxa_atexit --enable-cet=auto --enable-checking=release --enable-clocale=gnu --enable-default-pie --enable-default-ssp --enable-gnu-indirect-function --enable-gnu-unique-object --enable-linker-build-id --enable-lto --enable-multilib --enable-plugin --enable-shared --enable-threads=posix --disable-libssp --disable-libstdcxx-pch --disable-werror --with-build-config=bootstrap-lto --enable-link-serialization=1 gdc_include_dir=/usr/include/dlang/gdc
Thread model: posix
Supported LTO compression algorithms: zlib zstd
gcc version 11.2.0 (GCC) 
configure:3333: $? = 0
configure:3322: g++ -V >&5
g++: error: unrecognized command-line option '-V'
g++: fatal error: no input files
compilation terminated.
configure:3333: $? = 1
configure:3322: g++ -qversion >&5
g++: error: unrecognized command-line option '-qversion'; did you mean '--version'?
g++: fatal error: no input files
compilation terminated.
configure:3333: $? = 1
configure:3353: checking whether the C++ compiler works
configure:3375: g++    conftest.cpp  >&5
configure:3379: $? = 0
configure:3429: result: yes
configure:3432: checking for C++ compiler default output file name
configure:3434: result: a.out
configure:3440: checking for suffix of executables
configure:3447: g++ -o conftest    conftest.cpp  >&5
configure:3451: $? = 0
configure:3474: result: 
configure:3496: checking whether we are cross compiling
configure:3504: g++ -o conftest    conftest.cpp  >&5
configure:3508: $? = 0
configure:3515: ./conftest
configure:3519: $? = 0
configure:3534: result: no
configure:3539: checking for suffix of object files
configure:3562: g++ -c   conftest.cpp >&5
configure:3566: $? = 0
configure:3588: result: o
configure:3592: checking whether the compiler supports GNU C++
configure:3612: g++ -c   conftest.cpp >&5
configure:3612: $? = 0
configure:3622: result: yes
configure:3633: checking whether g++ accepts -g
configure:3654: g++ -c -g  conftest.cpp >&5
configure:3654: $? = 0
configure:3698: result: yes
configure:3718: checking for g++ option to enable C++11 features
configure:3733: g++  -c -g -O2  conftest.cpp >&5
conftest.cpp: In function 'int main(int, char**)':
conftest.cpp:177:25: warning: empty parentheses were disambiguated as a function declaration [-Wvexing-parse]
  177 |   cxx11test::delegate d2();
      |                         ^~
conftest.cpp:177:25: note: remove parentheses to default-initialize a variable
  177 |   cxx11test::delegate d2();
      |                         ^~
      |                         --
conftest.cpp:177:25: note: or replace parentheses with braces to value-initialize a variable
configure:3733: $? = 0
configure:3751: result: none needed
configure:3818: checking whether make supports the include directive
configure:3833: make -f confmf.GNU && cat confinc.out
make[1]: Entering directory '/home/david/Documents/programming/gamedev/opengl/project0'
make[1]: Leaving directory '/home/david/Documents/programming/gamedev/opengl/project0'
this is the am__doit target
configure:3836: $? = 0
configure:3855: result: yes (GNU style)
configure:3881: checking dependency style of g++
configure:3993: result: gcc3
configure:4070: checking for gcc
configure:4091: found /usr/bin/gcc
configure:4102: result: gcc
configure:4455: checking for C compiler version
configure:4464: gcc --version >&5
gcc (GCC) 11.2.0
Copyright (C) 2021 Free Software Foundation, Inc.
This is free software; see the source for copying conditions.  There is NO
warranty; not even for MERCHANTABILITY or FITNESS FOR A PARTICULAR PURPOSE.

configure:4475: $? = 0
configure:4464: gcc -v >&5
Using built-in specs.
COLLECT_GCC=gcc
COLLECT_LTO_WRAPPER=/usr/lib/gcc/x86_64-pc-linux-gnu/11.2.0/lto-wrapper
Target: x86_64-pc-linux-gnu
Configured with: /build/gcc/src/gcc/configure --enable-languages=c,c++,ada,fortran,go,lto,objc,obj-c++,d --enable-bootstrap --prefix=/usr --libdir=/usr/lib --libexecdir=/usr/lib --mandir=/usr/share/man --infodir=/usr/share/info --with-bugurl=https://bugs.archlinux.org/ --with-linker-hash-style=gnu --with-system-zlib --enable-__cxa_atexit --enable-cet=auto --enable-checking=release --enable-clocale=gnu --enable-default-pie --enable-default-ssp --enable-gnu-indirect-function --enable-gnu-unique-object --enable-linker-build-id --enable-lto --enable-multilib --enable-plugin --enable-shared --enable-threads=posix --disable-libssp --disable-libstdcxx-pch --disable-werror --with-build-config=bootstrap-lto --enable-link-serialization=1 gdc_include_dir=/usr/include/dlang/gdc
Thread model: posix
Supported LTO compression algorithms: zlib zstd
gcc version 11.2.0 (GCC) 
configure:4475: $? = 0
configure:4464: gcc -V >&5
gcc: error: unrecognized command-line option '-V'
gcc: fatal error: no input files
compilation terminated.
configure:4475: $? = 1
configure:4464: gcc -qversion >&5
gcc: error: unrecognized command-line option '-qversion'; did you mean '--version'?
gcc: fatal error: no input files
compilation terminated.
configure:4475: $? = 1
configure:4464: gcc -version >&5
gcc: error: unrecognized command-line option '-version'
gcc: fatal error: no input files
compilation terminated.
configure:4475: $? = 1
configure:4479: checking whether the compiler supports GNU C
configure:4499: gcc -c   conftest.c >&5
configure:4499: $? = 0
configure:4509: result: yes
configure:4520: checking whether gcc accepts -g
configure:4541: gcc -c -g  conftest.c >&5
configure:4541: $? = 0
configure:4585: result: yes
configure:4605: checking for gcc option to enable C11 features
configure:4620: gcc  -c -g -O2  conftest.c >&5
configure:4620: $? = 0
configure:4638: result: none needed
configure:4754: checking whether gcc understands -c and -o together
configure:4777: gcc -c conftest.c -o conftest2.o
configure:4780: $? = 0
configure:4777: gcc -c conftest.c -o conftest2.o
configure:4780: $? = 0
configure:4792: result: yes
configure:4811: checking dependency style of gcc
configure:4923: result: gcc3
configure:4998: checking for pkg-config
configure:5021: found /usr/bin/pkg-config
configure:5033: result: /usr/bin/pkg-config
configure:5058: checking pkg-config is at least version 0.9.0
configure:5061: result: yes
configure:5071: checking for gllibs
configure:5078: $PKG_CONFIG --exists --print-errors "gl glew, glfw3 >= 3.0"
configure:5081: $? = 0
configure:5095: $PKG_CONFIG --exists --print-errors "gl glew, glfw3 >= 3.0"
configure:5098: $? = 0
configure:5156: result: yes
configure:5266: checking that generated files are newer than configure
configure:5272: result: done
configure:5303: creating ./config.status

## ---------------- ##
## Cache variables. ##
## ---------------- ##

ac_cv_c_compiler_gnu=yes
ac_cv_cxx_compiler_gnu=yes
ac_cv_env_CCC_set=
ac_cv_env_CCC_value=
ac_cv_env_CC_set=
ac_cv_env_CC_value=
ac_cv_env_CFLAGS_set=
ac_cv_env_CFLAGS_value=
ac_cv_env_CPPFLAGS_set=
ac_cv_env_CPPFLAGS_value=
ac_cv_env_CXXFLAGS_set=
ac_cv_env_CXXFLAGS_value=
ac_cv_env_CXX_set=
ac_cv_env_CXX_value=
ac_cv_env_LDFLAGS_set=
ac_cv_env_LDFLAGS_value=
ac_cv_env_LIBS_set=
ac_cv_env_LIBS_value=
ac_cv_env_PKG_CONFIG_LIBDIR_set=
ac_cv_env_PKG_CONFIG_LIBDIR_value=
ac_cv_env_PKG_CONFIG_PATH_set=
ac_cv_env_PKG_CONFIG_PATH_value=
ac_cv_env_PKG_CONFIG_set=
ac_cv_env_PKG_CONFIG_value=
ac_cv_env_build_alias_set=
ac_cv_env_build_alias_value=
ac_cv_env_gllibs_CFLAGS_set=
ac_cv_env_gllibs_CFLAGS_value=
ac_cv_env_gllibs_LIBS_set=
ac_cv_env_gllibs_LIBS_value=
ac_cv_env_host_alias_set=
ac_cv_env_host_alias_value=
ac_cv_env_target_alias_set=
ac_cv_env_target_alias_value=
ac_cv_objext=o
ac_cv_path_ac_pt_PKG_CONFIG=/usr/bin/pkg-config
ac_cv_path_install='/usr/bin/install -c'
ac_cv_path_mkdir=/usr/bin/mkdir
ac_cv_prog_AWK=gawk
ac_cv_prog_ac_ct_CC=gcc
ac_cv_prog_ac_ct_CXX=g++
ac_cv_prog_cc_c11=
ac_cv_prog_cc_g=yes
ac_cv_prog_cc_stdc=
ac_cv_prog_cxx_11=no
ac_cv_prog_cxx_cxx11=
ac_cv_prog_cxx_g=yes
ac_cv_prog_cxx_stdcxx=
ac_cv_prog_make_make_set=yes
am_cv_CC_dependencies_compiler_type=gcc3
am_cv_CXX_dependencies_compiler_type=gcc3
am_cv_make_support_nested_variables=yes
am_cv_prog_cc_c_o=yes
pkg_cv_gllibs_CFLAGS=
pkg_cv_gllibs_LIBS='-lGLEW -lGL -lX11 -lGLU -lOpenGL -lglfw '

## ----------------- ##
## Output variables. ##
## ----------------- ##

ACLOCAL='${SHELL} '\''/home/david/Documents/programming/gamedev/opengl/project0/missing'\'' aclocal-1.16'
AMDEPBACKSLASH='\'
AMDEP_FALSE='#'
AMDEP_TRUE=''
AMTAR='$${TAR-tar}'
AM_BACKSLASH='\'
AM_DEFAULT_V='$(AM_DEFAULT_VERBOSITY)'
AM_DEFAULT_VERBOSITY='1'
AM_V='$(V)'
AUTOCONF='${SHELL} '\''/home/david/Documents/programming/gamedev/opengl/project0/missing'\'' autoconf'
AUTOHEADER='${SHELL} '\''/home/david/Documents/programming/gamedev/opengl/project0/missing'\'' autoheader'
AUTOMAKE='${SHELL} '\''/home/david/Documents/programming/gamedev/opengl/project0/missing'\'' automake-1.16'
AWK='gawk'
CC='gcc'
CCDEPMODE='depmode=gcc3'
CFLAGS='-g -O2'
CPPFLAGS=''
CSCOPE='cscope'
CTAGS='ctags'
CXX='g++'
CXXDEPMODE='depmode=gcc3'
CXXFLAGS='-g -O2'
CYGPATH_W='echo'
DEFS='-DHAVE_CONFIG_H'
DEPDIR='.deps'
ECHO_C=''
ECHO_N='-n'
ECHO_T=''
ETAGS='etags'
EXEEXT=''
INSTALL_DATA='${INSTALL} -m 644'
INSTALL_PROGRAM='${INSTALL}'
INSTALL_SCRIPT='${INSTALL}'
INSTALL_STRIP_PROGRAM='$(install_sh) -c -s'
LDFLAGS=''
LIBOBJS=''
LIBS=''
LTLIBOBJS=''
MAINT=''
MAINTAINER_MODE_FALSE='#'
MAINTAINER_MODE_TRUE=''
MAKEINFO='${SHELL} '\''/home/david/Documents/programming/gamedev/opengl/project0/missing'\'' makeinfo'
MKDIR_P='/usr/bin/mkdir -p'
OBJEXT='o'
PACKAGE='project0'
PACKAGE_BUGREPORT='david3oliveros@gmail.com'
PACKAGE_NAME='project0'
PACKAGE_STRING='project0 1.0'
PACKAGE_TARNAME='project0'
PACKAGE_URL=''
PACKAGE_VERSION='1.0'
PATH_SEPARATOR=':'
PKG_CONFIG='/usr/bin/pkg-config'
PKG_CONFIG_LIBDIR=''
PKG_CONFIG_PATH=''
SET_MAKE=''
SHELL='/bin/sh'
STRIP=''
VERSION='1.0'
ac_ct_CC='gcc'
ac_ct_CXX='g++'
am__EXEEXT_FALSE=''
am__EXEEXT_TRUE='#'
am__fastdepCC_FALSE='#'
am__fastdepCC_TRUE=''
am__fastdepCXX_FALSE='#'
am__fastdepCXX_TRUE=''
am__include='include'
am__isrc=''
am__leading_dot='.'
am__nodep='_no'
am__quote=''
am__tar='$${TAR-tar} chof - "$$tardir"'
am__untar='$${TAR-tar} xf -'
bindir='${exec_prefix}/bin'
build_alias=''
datadir='${datarootdir}'
datarootdir='${prefix}/share'
docdir='${datarootdir}/doc/${PACKAGE_TARNAME}'
dvidir='${docdir}'
exec_prefix='${prefix}'
gllibs_CFLAGS=''
gllibs_LIBS='-lGLEW -lGL -lX11 -lGLU -lOpenGL -lglfw '
host_alias=''
htmldir='${docdir}'
includedir='${prefix}/include'
infodir='${datarootdir}/info'
install_sh='${SHELL} /home/david/Documents/programming/gamedev/opengl/project0/install-sh'
libdir='${exec_prefix}/lib'
libexecdir='${exec_prefix}/libexec'
localedir='${datarootdir}/locale'
localstatedir='${prefix}/var'
mandir='${datarootdir}/man'
mkdir_p='$(MKDIR_P)'
oldincludedir='/usr/include'
pdfdir='${docdir}'
prefix='/usr/local'
program_transform_name='s,x,x,'
psdir='${docdir}'
runstatedir='${localstatedir}/run'
sbindir='${exec_prefix}/sbin'
sharedstatedir='${prefix}/com'
sysconfdir='${prefix}/etc'
target_alias=''

## ----------- ##
## confdefs.h. ##
## ----------- ##

/* confdefs.h */
#define PACKAGE_NAME "project0"
#define PACKAGE_TARNAME "project0"
#define PACKAGE_VERSION "1.0"
#define PACKAGE_STRING "project0 1.0"
#define PACKAGE_BUGREPORT "david3oliveros@gmail.com"
#define PACKAGE_URL ""
#define PACKAGE "project0"
#define VERSION "1.0"

configure: exit 0

## ---------------------- ##
## Running config.status. ##
## ---------------------- ##

This file was extended by project0 config.status 1.0, which was
generated by GNU Autoconf 2.71.  Invocation command line was

  CONFIG_FILES    = 
  CONFIG_HEADERS  = 
  CONFIG_LINKS    = 
  CONFIG_COMMANDS = 
  $ ./config.status 

on davidlaptop

config.status:850: creating Makefile
config.status:850: creating config.h
config.status:1031: config.h is unchanged
config.status:1079: executing depfiles commands
config.status:1156: cd .       && sed -e '/# am--include-marker/d' Makefile         | make -f - am--depfiles
make[1]: Entering directory '/home/david/Documents/programming/gamedev/opengl/project0'
make[1]: Nothing to be done for 'am--depfiles'.
make[1]: Leaving directory '/home/david/Documents/programming/gamedev/opengl/project0'
config.status:1161: $? = 0

## ---------------------- ##
## Running config.status. ##
## ---------------------- ##

This file was extended by project0 config.status 1.0, which was
generated by GNU Autoconf 2.71.  Invocation command line was

  CONFIG_FILES    = 
  CONFIG_HEADERS  = 
  CONFIG_LINKS    = 
  CONFIG_COMMANDS = 
  $ ./config.status config.h

on davidlaptop

config.status:850: creating config.h
config.status:1031: config.h is unchanged

## ---------------------- ##
## Running config.status. ##
## ---------------------- ##

This file was extended by project0 config.status 1.0, which was
generated by GNU Autoconf 2.71.  Invocation command line was

  CONFIG_FILES    = 
  CONFIG_HEADERS  = 
  CONFIG_LINKS    = 
  CONFIG_COMMANDS = 
  $ ./config.status Makefile depfiles

on davidlaptop

config.status:850: creating Makefile
config.status:1079: executing depfiles commands
config.status:1156: cd .       && sed -e '/# am--include-marker/d' Makefile         | make -f - am--depfiles
make[1]: Entering directory '/home/david/Documents/programming/gamedev/opengl/project0'
make[1]: Nothing to be done for 'am--depfiles'.
make[1]: Leaving directory '/home/david/Documents/programming/gamedev/opengl/project0'
config.status:1161: $? = 0

## ---------------------- ##
## Running config.status. ##
## ---------------------- ##

This file was extended by project0 config.status 1.0, which was
generated by GNU Autoconf 2.71.  Invocation command line was

  CONFIG_FILES    = 
  CONFIG_HEADERS  = 
  CONFIG_LINKS    = 
  CONFIG_COMMANDS = 
  $ ./config.status Makefile depfiles

on davidlaptop

config.status:850: creating Makefile
config.status:1079: executing depfiles commands
config.status:1156: cd .       && sed -e '/# am--include-marker/d' Makefile         | make -f - am--depfiles
make[1]: Entering directory '/home/david/Documents/programming/gamedev/opengl/project0'
make[1]: Nothing to be done for 'am--depfiles'.
make[1]: Leaving directory '/home/david/Documents/programming/gamedev/opengl/project0'
config.status:1161: $? = 0

## ---------------------- ##
## Running config.status. ##
## ---------------------- ##

This file was extended by project0 config.status 1.0, which was
generated by GNU Autoconf 2.71.  Invocation command line was

  CONFIG_FILES    = 
  CONFIG_HEADERS  = 
  CONFIG_LINKS    = 
  CONFIG_COMMANDS = 
  $ ./config.status Makefile depfiles

on davidlaptop

config.status:850: creating Makefile
config.status:1079: executing depfiles commands
config.status:1156: cd .       && sed -e '/# am--include-marker/d' Makefile         | make -f - am--depfiles
make[1]: Entering directory '/home/david/Documents/programming/gamedev/opengl/project0'
make[1]: Nothing to be done for 'am--depfiles'.
make[1]: Leaving directory '/home/david/Documents/programming/gamedev/opengl/project0'
config.status:1161: $? = 0

## ---------------------- ##
## Running config.status. ##
## ---------------------- ##

This file was extended by project0 config.status 1.0, which was
generated by GNU Autoconf 2.71.  Invocation command line was

  CONFIG_FILES    = 
  CONFIG_HEADERS  = 
  CONFIG_LINKS    = 
  CONFIG_COMMANDS = 
  $ ./config.status Makefile depfiles

on davidlaptop

config.status:850: creating Makefile
config.status:1079: executing depfiles commands
config.status:1156: cd .       && sed -e '/# am--include-marker/d' Makefile         | make -f - am--depfiles
make[1]: Entering directory '/home/david/Documents/programming/gamedev/opengl/project0'
make[1]: Nothing to be done for 'am--depfiles'.
make[1]: Leaving directory '/home/david/Documents/programming/gamedev/opengl/project0'
config.status:1161: $? = 0

## ---------------------- ##
## Running config.status. ##
## ---------------------- ##

This file was extended by project0 config.status 1.0, which was
generated by GNU Autoconf 2.71.  Invocation command line was

  CONFIG_FILES    = 
  CONFIG_HEADERS  = 
  CONFIG_LINKS    = 
  CONFIG_COMMANDS = 
  $ ./config.status Makefile depfiles

on davidlaptop

config.status:850: creating Makefile
config.status:1079: executing depfiles commands
config.status:1156: cd .       && sed -e '/# am--include-marker/d' Makefile         | make -f - am--depfiles
make[1]: Entering directory '/home/david/Documents/programming/gamedev/opengl/project0'
make[1]: Nothing to be done for 'am--depfiles'.
make[1]: Leaving directory '/home/david/Documents/programming/gamedev/opengl/project0'
config.status:1161: $? = 0

## ---------------------- ##
## Running config.status. ##
## ---------------------- ##

This file was extended by project0 config.status 1.0, which was
generated by GNU Autoconf 2.71.  Invocation command line was

  CONFIG_FILES    = 
  CONFIG_HEADERS  = 
  CONFIG_LINKS    = 
  CONFIG_COMMANDS = 
  $ ./config.status Makefile depfiles

on davidlaptop

config.status:850: creating Makefile
config.status:1079: executing depfiles commands
config.status:1156: cd .       && sed -e '/# am--include-marker/d' Makefile         | make -f - am--depfiles
make[1]: Entering directory '/home/david/Documents/programming/gamedev/opengl/project0'
make[1]: Nothing to be done for 'am--depfiles'.
make[1]: Leaving directory '/home/david/Documents/programming/gamedev/opengl/project0'
config.status:1161: $? = 0

## ---------------------- ##
## Running config.status. ##
## ---------------------- ##

This file was extended by project0 config.status 1.0, which was
generated by GNU Autoconf 2.71.  Invocation command line was

  CONFIG_FILES    = 
  CONFIG_HEADERS  = 
  CONFIG_LINKS    = 
  CONFIG_COMMANDS = 
  $ ./config.status Makefile depfiles

on davidlaptop

config.status:850: creating Makefile
config.status:1079: executing depfiles commands
config.status:1156: cd .       && sed -e '/# am--include-marker/d' Makefile         | make -f - am--depfiles
make[1]: Entering directory '/home/david/Documents/programming/gamedev/opengl/project0'
make[1]: Leaving directory '/home/david/Documents/programming/gamedev/opengl/project0'
config.status:1161: $? = 0

## ---------------------- ##
## Running config.status. ##
## ---------------------- ##

This file was extended by project0 config.status 1.0, which was
generated by GNU Autoconf 2.71.  Invocation command line was

  CONFIG_FILES    = 
  CONFIG_HEADERS  = 
  CONFIG_LINKS    = 
  CONFIG_COMMANDS = 
  $ ./config.status Makefile depfiles

on davidlaptop

config.status:850: creating Makefile
config.status:1079: executing depfiles commands
config.status:1156: cd .       && sed -e '/# am--include-marker/d' Makefile         | make -f - am--depfiles
make[1]: Entering directory '/home/david/Documents/programming/gamedev/opengl/project0'
make[1]: Nothing to be done for 'am--depfiles'.
make[1]: Leaving directory '/home/david/Documents/programming/gamedev/opengl/project0'
config.status:1161: $? = 0

## ---------------------- ##
## Running config.status. ##
## ---------------------- ##

This file was extended by project0 config.status 1.0, which was
generated by GNU Autoconf 2.71.  Invocation command line was

  CONFIG_FILES    = 
  CONFIG_HEADERS  = 
  CONFIG_LINKS    = 
  CONFIG_COMMANDS = 
  $ ./config.status Makefile depfiles

on davidlaptop

config.status:850: creating Makefile
config.status:1079: executing depfiles commands
config.status:1156: cd .       && sed -e '/# am--include-marker/d' Makefile         | make -f - am--depfiles
make[1]: Entering directory '/home/david/Documents/programming/gamedev/opengl/project0'
make[1]: Nothing to be done for 'am--depfiles'.
make[1]: Leaving directory '/home/david/Documents/programming/gamedev/opengl/project0'
config.status:1161: $? = 0

## ---------------------- ##
## Running config.status. ##
## ---------------------- ##

This file was extended by project0 config.status 1.0, which was
generated by GNU Autoconf 2.71.  Invocation command line was

  CONFIG_FILES    = 
  CONFIG_HEADERS  = 
  CONFIG_LINKS    = 
  CONFIG_COMMANDS = 
  $ ./config.status Makefile depfiles

on davidlaptop

config.status:850: creating Makefile
config.status:1079: executing depfiles commands
config.status:1156: cd .       && sed -e '/# am--include-marker/d' Makefile         | make -f - am--depfiles
make[1]: Entering directory '/home/david/Documents/programming/gamedev/opengl/project0'
make[1]: Nothing to be done for 'am--depfiles'.
make[1]: Leaving directory '/home/david/Documents/programming/gamedev/opengl/project0'
config.status:1161: $? = 0

## ---------------------- ##
## Running config.status. ##
## ---------------------- ##

This file was extended by project0 config.status 1.0, which was
generated by GNU Autoconf 2.71.  Invocation command line was

  CONFIG_FILES    = 
  CONFIG_HEADERS  = 
  CONFIG_LINKS    = 
  CONFIG_COMMANDS = 
  $ ./config.status Makefile depfiles

on davidlaptop

config.status:850: creating Makefile
config.status:1079: executing depfiles commands
config.status:1156: cd .       && sed -e '/# am--include-marker/d' Makefile         | make -f - am--depfiles
make[1]: Entering directory '/home/david/Documents/programming/gamedev/opengl/project0'
make[1]: Nothing to be done for 'am--depfiles'.
make[1]: Leaving directory '/home/david/Documents/programming/gamedev/opengl/project0'
config.status:1161: $? = 0

## ---------------------- ##
## Running config.status. ##
## ---------------------- ##

This file was extended by project0 config.status 1.0, which was
generated by GNU Autoconf 2.71.  Invocation command line was

  CONFIG_FILES    = 
  CONFIG_HEADERS  = 
  CONFIG_LINKS    = 
  CONFIG_COMMANDS = 
  $ ./config.status Makefile depfiles

on davidlaptop

config.status:850: creating Makefile
config.status:1079: executing depfiles commands
config.status:1156: cd .       && sed -e '/# am--include-marker/d' Makefile         | make -f - am--depfiles
make[1]: Entering directory '/home/david/Documents/programming/gamedev/opengl/project0'
make[1]: Nothing to be done for 'am--depfiles'.
make[1]: Leaving directory '/home/david/Documents/programming/gamedev/opengl/project0'
config.status:1161: $? = 0

## ---------------------- ##
## Running config.status. ##
## ---------------------- ##

This file was extended by project0 config.status 1.0, which was
generated by GNU Autoconf 2.71.  Invocation command line was

  CONFIG_FILES    = 
  CONFIG_HEADERS  = 
  CONFIG_LINKS    = 
  CONFIG_COMMANDS = 
  $ ./config.status Makefile depfiles

on davidlaptop

config.status:850: creating Makefile
config.status:1079: executing depfiles commands
config.status:1156: cd .       && sed -e '/# am--include-marker/d' Makefile         | make -f - am--depfiles
make[1]: Entering directory '/home/david/Documents/programming/gamedev/opengl/project0'
make[1]: Nothing to be done for 'am--depfiles'.
make[1]: Leaving directory '/home/david/Documents/programming/gamedev/opengl/project0'
config.status:1161: $? = 0

## ---------------------- ##
## Running config.status. ##
## ---------------------- ##

This file was extended by project0 config.status 1.0, which was
generated by GNU Autoconf 2.71.  Invocation command line was

  CONFIG_FILES    = 
  CONFIG_HEADERS  = 
  CONFIG_LINKS    = 
  CONFIG_COMMANDS = 
  $ ./config.status Makefile depfiles

on davidlaptop

config.status:850: creating Makefile
config.status:1079: executing depfiles commands
config.status:1156: cd .       && sed -e '/# am--include-marker/d' Makefile         | make -f - am--depfiles
make[1]: Entering directory '/home/david/Documents/programming/gamedev/opengl/project0'
make[1]: Nothing to be done for 'am--depfiles'.
make[1]: Leaving directory '/home/david/Documents/programming/gamedev/opengl/project0'
config.status:1161: $? = 0

## ---------------------- ##
## Running config.status. ##
## ---------------------- ##

This file was extended by project0 config.status 1.0, which was
generated by GNU Autoconf 2.71.  Invocation command line was

  CONFIG_FILES    = 
  CONFIG_HEADERS  = 
  CONFIG_LINKS    = 
  CONFIG_COMMANDS = 
  $ ./config.status Makefile depfiles

on davidlaptop

config.status:850: creating Makefile
config.status:1079: executing depfiles commands
config.status:1156: cd .       && sed -e '/# am--include-marker/d' Makefile         | make -f - am--depfiles
make[1]: Entering directory '/home/david/Documents/programming/gamedev/opengl/project0'
make[1]: Nothing to be done for 'am--depfiles'.
make[1]: Leaving directory '/home/david/Documents/programming/gamedev/opengl/project0'
config.status:1161: $? = 0

## ---------------------- ##
## Running config.status. ##
## ---------------------- ##

This file was extended by project0 config.status 1.0, which was
generated by GNU Autoconf 2.71.  Invocation command line was

  CONFIG_FILES    = 
  CONFIG_HEADERS  = 
  CONFIG_LINKS    = 
  CONFIG_COMMANDS = 
  $ ./config.status Makefile depfiles

on davidlaptop

config.status:850: creating Makefile
config.status:1079: executing depfiles commands
config.status:1156: cd .       && sed -e '/# am--include-marker/d' Makefile         | make -f - am--depfiles
make[1]: Entering directory '/home/david/Documents/programming/gamedev/opengl/project0'
make[1]: Nothing to be done for 'am--depfiles'.
make[1]: Leaving directory '/home/david/Documents/programming/gamedev/opengl/project0'
config.status:1161: $? = 0

## ---------------------- ##
## Running config.status. ##
## ---------------------- ##

This file was extended by project0 config.status 1.0, which was
generated by GNU Autoconf 2.71.  Invocation command line was

  CONFIG_FILES    = 
  CONFIG_HEADERS  = 
  CONFIG_LINKS    = 
  CONFIG_COMMANDS = 
  $ ./config.status Makefile depfiles

on davidlaptop

config.status:850: creating Makefile
config.status:1079: executing depfiles commands
config.status:1156: cd .       && sed -e '/# am--include-marker/d' Makefile         | make -f - am--depfiles
make[1]: Entering directory '/home/david/Documents/programming/gamedev/opengl/project0'
make[1]: Nothing to be done for 'am--depfiles'.
make[1]: Leaving directory '/home/david/Documents/programming/gamedev/opengl/project0'
config.status:1161: $? = 0

## ---------------------- ##
## Running config.status. ##
## ---------------------- ##

This file was extended by project0 config.status 1.0, which was
generated by GNU Autoconf 2.71.  Invocation command line was

  CONFIG_FILES    = 
  CONFIG_HEADERS  = 
  CONFIG_LINKS    = 
  CONFIG_COMMANDS = 
  $ ./config.status Makefile depfiles

on davidlaptop

config.status:850: creating Makefile
config.status:1079: executing depfiles commands
config.status:1156: cd .       && sed -e '/# am--include-marker/d' Makefile         | make -f - am--depfiles
make[1]: Entering directory '/home/david/Documents/programming/gamedev/opengl/project0'
make[1]: Nothing to be done for 'am--depfiles'.
make[1]: Leaving directory '/home/david/Documents/programming/gamedev/opengl/project0'
config.status:1161: $? = 0

## ---------------------- ##
## Running config.status. ##
## ---------------------- ##

This file was extended by project0 config.status 1.0, which was
generated by GNU Autoconf 2.71.  Invocation command line was

  CONFIG_FILES    = 
  CONFIG_HEADERS  = 
  CONFIG_LINKS    = 
  CONFIG_COMMANDS = 
  $ ./config.status Makefile depfiles

on davidlaptop

config.status:850: creating Makefile
config.status:1079: executing depfiles commands
config.status:1156: cd .       && sed -e '/# am--include-marker/d' Makefile         | make -f - am--depfiles
make[1]: Entering directory '/home/david/Documents/programming/gamedev/opengl/project0'
make[1]: Nothing to be done for 'am--depfiles'.
make[1]: Leaving directory '/home/david/Documents/programming/gamedev/opengl/project0'
config.status:1161: $? = 0

## ---------------------- ##
## Running config.status. ##
## ---------------------- ##

This file was extended by project0 config.status 1.0, which was
generated by GNU Autoconf 2.71.  Invocation command line was

  CONFIG_FILES    = 
  CONFIG_HEADERS  = 
  CONFIG_LINKS    = 
  CONFIG_COMMANDS = 
  $ ./config.status Makefile depfiles

on davidlaptop

config.status:850: creating Makefile
config.status:1079: executing depfiles commands
config.status:1156: cd .       && sed -e '/# am--include-marker/d' Makefile         | make -f - am--depfiles
make[1]: Entering directory '/home/david/Documents/programming/gamedev/opengl/project0'
make[1]: Nothing to be done for 'am--depfiles'.
make[1]: Leaving directory '/home/david/Documents/programming/gamedev/opengl/project0'
config.status:1161: $? = 0

## ---------------------- ##
## Running config.status. ##
## ---------------------- ##

This file was extended by project0 config.status 1.0, which was
generated by GNU Autoconf 2.71.  Invocation command line was

  CONFIG_FILES    = 
  CONFIG_HEADERS  = 
  CONFIG_LINKS    = 
  CONFIG_COMMANDS = 
  $ ./config.status Makefile depfiles

on davidlaptop

config.status:850: creating Makefile
config.status:1079: executing depfiles commands
config.status:1156: cd .       && sed -e '/# am--include-marker/d' Makefile         | make -f - am--depfiles
make[1]: Entering directory '/home/david/Documents/programming/gamedev/opengl/project0'
make[1]: Nothing to be done for 'am--depfiles'.
make[1]: Leaving directory '/home/david/Documents/programming/gamedev/opengl/project0'
config.status:1161: $? = 0

## ---------------------- ##
## Running config.status. ##
## ---------------------- ##

This file was extended by project0 config.status 1.0, which was
generated by GNU Autoconf 2.71.  Invocation command line was

  CONFIG_FILES    = 
  CONFIG_HEADERS  = 
  CONFIG_LINKS    = 
  CONFIG_COMMANDS = 
  $ ./config.status Makefile depfiles

on davidlaptop

config.status:850: creating Makefile
config.status:1079: executing depfiles commands
config.status:1156: cd .       && sed -e '/# am--include-marker/d' Makefile         | make -f - am--depfiles
make[1]: Entering directory '/home/david/Documents/programming/gamedev/opengl/project0'
make[1]: Nothing to be done for 'am--depfiles'.
make[1]: Leaving directory '/home/david/Documents/programming/gamedev/opengl/project0'
config.status:1161: $? = 0

## ---------------------- ##
## Running config.status. ##
## ---------------------- ##

This file was extended by project0 config.status 1.0, which was
generated by GNU Autoconf 2.71.  Invocation command line was

  CONFIG_FILES    = 
  CONFIG_HEADERS  = 
  CONFIG_LINKS    = 
  CONFIG_COMMANDS = 
  $ ./config.status Makefile depfiles

on davidlaptop

config.status:850: creating Makefile
config.status:1079: executing depfiles commands
config.status:1156: cd .       && sed -e '/# am--include-marker/d' Makefile         | make -f - am--depfiles
make[1]: Entering directory '/home/david/Documents/programming/gamedev/opengl/project0'
make[1]: Nothing to be done for 'am--depfiles'.
make[1]: Leaving directory '/home/david/Documents/programming/gamedev/opengl/project0'
config.status:1161: $? = 0

## ---------------------- ##
## Running config.status. ##
## ---------------------- ##

This file was extended by project0 config.status 1.0, which was
generated by GNU Autoconf 2.71.  Invocation command line was

  CONFIG_FILES    = 
  CONFIG_HEADERS  = 
  CONFIG_LINKS    = 
  CONFIG_COMMANDS = 
  $ ./config.status Makefile depfiles

on davidlaptop

config.status:850: creating Makefile
config.status:1079: executing depfiles commands
config.status:1156: cd .       && sed -e '/# am--include-marker/d' Makefile         | make -f - am--depfiles
make[1]: Entering directory '/home/david/Documents/programming/gamedev/opengl/project0'
make[1]: Nothing to be done for 'am--depfiles'.
make[1]: Leaving directory '/home/david/Documents/programming/gamedev/opengl/project0'
config.status:1161: $? = 0

## ---------------------- ##
## Running config.status. ##
## ---------------------- ##

This file was extended by project0 config.status 1.0, which was
generated by GNU Autoconf 2.71.  Invocation command line was

  CONFIG_FILES    = 
  CONFIG_HEADERS  = 
  CONFIG_LINKS    = 
  CONFIG_COMMANDS = 
  $ ./config.status Makefile depfiles

on davidlaptop

config.status:850: creating Makefile
config.status:1079: executing depfiles commands
config.status:1156: cd .       && sed -e '/# am--include-marker/d' Makefile         | make -f - am--depfiles
make[1]: Entering directory '/home/david/Documents/programming/gamedev/opengl/project0'
make[1]: Nothing to be done for 'am--depfiles'.
make[1]: Leaving directory '/home/david/Documents/programming/gamedev/opengl/project0'
config.status:1161: $? = 0
